# JRE version: OpenJDK Runtime Environment JBR-17.0.3+7-469.32-jcef (17.0.3+7) (build 17.0.3+7-b469.32)
# Java VM: OpenJDK 64-Bit Server VM JBR-17.0.3+7-469.32-jcef (17.0.3+7-b469.32, mixed mode, tiered, compressed oops, compressed class ptrs, g1 gc, windows-amd64)
GC Precious Log:
 CPUs: 4 total, 4 available
 Memory: 3923M
 Large Page Support: Disabled
 NUMA Support: Disabled
 Compressed Oops: Enabled (32-bit)
 Heap Region Size: 1M
 Heap Min Capacity: 128M
 Heap Initial Capacity: 128M
 Heap Max Capacity: 750M
 Pre-touch: Disabled
 Parallel Workers: 4
 Concurrent Workers: 1
 Concurrent Refinement Workers: 4
 Periodic GC: Disabled
Heap:
 garbage-first heap   total 131072K, used 8209K [0x00000000d1200000, 0x0000000100000000)
  region size 1024K, 4 young (4096K), 1 survivors (1024K)
 Metaspace       used 21530K, committed 21760K, reserved 1073152K
  class space    used 2262K, committed 2368K, reserved 1048576K
GC Heap History (6 events):
Event: 3.615 GC heap before
{Heap before GC invocations=0 (full 0):
 garbage-first heap   total 131072K, used 12288K [0x00000000d1200000, 0x0000000100000000)
  region size 1024K, 13 young (13312K), 0 survivors (0K)
 Metaspace       used 13670K, committed 13888K, reserved 1064960K
  class space    used 1384K, committed 1472K, reserved 1048576K
}
Event: 3.666 GC heap after
{Heap after GC invocations=1 (full 0):
 garbage-first heap   total 131072K, used 3561K [0x00000000d1200000, 0x0000000100000000)
  region size 1024K, 2 young (2048K), 2 survivors (2048K)
 Metaspace       used 13670K, committed 13888K, reserved 1064960K
  class space    used 1384K, committed 1472K, reserved 1048576K
}
Event: 8.538 GC heap before
{Heap before GC invocations=1 (full 0):
 garbage-first heap   total 131072K, used 13801K [0x00000000d1200000, 0x0000000100000000)
  region size 1024K, 12 young (12288K), 2 survivors (2048K)
 Metaspace       used 20715K, committed 20992K, reserved 1073152K
  class space    used 2204K, committed 2368K, reserved 1048576K
}
Event: 8.552 GC heap after
{Heap after GC invocations=2 (full 0):
 garbage-first heap   total 131072K, used 5681K [0x00000000d1200000, 0x0000000100000000)
  region size 1024K, 2 young (2048K), 2 survivors (2048K)
 Metaspace       used 20715K, committed 20992K, reserved 1073152K
  class space    used 2204K, committed 2368K, reserved 1048576K
}
Event: 9.626 GC heap before
{Heap before GC invocations=2 (full 0):
 garbage-first heap   total 131072K, used 7729K [0x00000000d1200000, 0x0000000100000000)
  region size 1024K, 5 young (5120K), 2 survivors (2048K)
 Metaspace       used 21276K, committed 21504K, reserved 1073152K
  class space    used 2250K, committed 2368K, reserved 1048576K
}
Event: 9.638 GC heap after
{Heap after GC invocations=3 (full 0):
 garbage-first heap   total 131072K, used 6161K [0x00000000d1200000, 0x0000000100000000)
  region size 1024K, 1 young (1024K), 1 survivors (1024K)
 Metaspace       used 21276K, committed 21504K, reserved 1073152K
  class space    used 2250K, committed 2368K, reserved 1048576K
}

